<templateSet group="JUnitTests">
    <template name="jptInt" value="@org.junit.jupiter.params.ParameterizedTest&#10;@org.junit.jupiter.params.provider.ValueSource(ints = {$INTS$})&#10;void $METHOD_NAME$_should_$SHOULD$_when_$WHEN$(int source) {&#10;    // when&#10;    $END$&#10;    // then&#10;}" description="JUnit parametrized test with ints values" toReformat="true" toShortenFQNames="true">
        <variable name="INTS" expression="" defaultValue="" alwaysStopAt="true" />
        <variable name="METHOD_NAME" expression="" defaultValue="" alwaysStopAt="true" />
        <variable name="SHOULD" expression="" defaultValue="" alwaysStopAt="true" />
        <variable name="WHEN" expression="" defaultValue="" alwaysStopAt="true" />
        <context>
            <option name="JAVA_TEST_DECLARATION" value="true" />
        </context>
    </template>
    <template name="jptNuEm" value="@org.junit.jupiter.params.ParameterizedTest&#10;@org.junit.jupiter.params.provider.NullAndEmptySource&#10;void $METHOD_NAME$_should_$SHOULD$_when_$WHEN$($PARAM_TYPE$ source) {&#10;    // when&#10;    $END$&#10;    // then&#10;}" description="JUnit parametrized test with null and empty sources" toReformat="true" toShortenFQNames="true">
        <variable name="METHOD_NAME" expression="" defaultValue="" alwaysStopAt="true" />
        <variable name="SHOULD" expression="" defaultValue="" alwaysStopAt="true" />
        <variable name="WHEN" expression="" defaultValue="" alwaysStopAt="true" />
        <variable name="PARAM_TYPE" expression="" defaultValue="String" alwaysStopAt="true" />
        <context>
            <option name="JAVA_TEST_DECLARATION" value="true" />
        </context>
    </template>
    <template name="jptStr" value="@org.junit.jupiter.params.ParameterizedTest&#10;@org.junit.jupiter.params.provider.ValueSource(strings = {$STRINGS$})&#10;void $METHOD_NAME$_should_$SHOULD$_when_$WHEN$(String source) {&#10;    // when&#10;    $END$&#10;    // then&#10;}" description="JUnit parametrized test with stings values" toReformat="true" toShortenFQNames="true">
        <variable name="STRINGS" expression="" defaultValue="" alwaysStopAt="true" />
        <variable name="METHOD_NAME" expression="" defaultValue="" alwaysStopAt="true" />
        <variable name="SHOULD" expression="" defaultValue="" alwaysStopAt="true" />
        <variable name="WHEN" expression="" defaultValue="" alwaysStopAt="true" />
        <context>
            <option name="JAVA_TEST_DECLARATION" value="true" />
        </context>
    </template>
    <template name="jptEn" value="@org.junit.jupiter.params.ParameterizedTest&#10;@org.junit.jupiter.params.provider.EnumSource($ENUM$.class)&#10;void $METHOD_NAME$_should_$SHOULD$_when_$WHEN$($ENUM$ source) {&#10;    // when&#10;    $END$&#10;    // then&#10;}" description="JUnit parametrized test with enum type" toReformat="true" toShortenFQNames="true">
        <variable name="ENUM" expression="" defaultValue="" alwaysStopAt="true" />
        <variable name="METHOD_NAME" expression="" defaultValue="" alwaysStopAt="true" />
        <variable name="SHOULD" expression="" defaultValue="" alwaysStopAt="true" />
        <variable name="WHEN" expression="" defaultValue="" alwaysStopAt="true" />
        <context>
            <option name="JAVA_TEST_DECLARATION" value="true" />
        </context>
    </template>
    <template name="jptMet" value="@org.junit.jupiter.params.ParameterizedTest&#10;@org.junit.jupiter.params.provider.MethodSource(&quot;$METHOD$&quot;)&#10;void $METHOD_NAME$_should_$SHOULD$_when_$WHEN$($PARAM_TYPE$ source) {&#10;    // when&#10;    $END$&#10;    // then&#10;}" description="JUnit parametrized test with method stream source" toReformat="true" toShortenFQNames="true">
        <variable name="METHOD" expression="" defaultValue="" alwaysStopAt="true" />
        <variable name="METHOD_NAME" expression="" defaultValue="" alwaysStopAt="true" />
        <variable name="SHOULD" expression="" defaultValue="" alwaysStopAt="true" />
        <variable name="WHEN" expression="" defaultValue="" alwaysStopAt="true" />
        <variable name="PARAM_TYPE" expression="" defaultValue="" alwaysStopAt="true" />
        <context>
            <option name="JAVA_TEST_DECLARATION" value="true" />
        </context>
    </template>
    <template name="jt" value="@org.junit.jupiter.api.Test&#10;void $METHOD_NAME$_should_$SHOULD$_when_$WHEN$() {&#10;    // given&#10;    $END$&#10;    // when&#10;   &#10;    // then&#10;}" description="JUnit test" toReformat="true" toShortenFQNames="true">
        <variable name="METHOD_NAME" expression="" defaultValue="" alwaysStopAt="true" />
        <variable name="SHOULD" expression="" defaultValue="" alwaysStopAt="true" />
        <variable name="WHEN" expression="" defaultValue="" alwaysStopAt="true" />
        <context>
            <option name="JAVA_TEST_DECLARATION" value="true" />
        </context>
    </template>
    <template name="jnt" value="@org.junit.jupiter.api.Nested&#10;@org.junit.jupiter.api.DisplayNameGeneration(org.junit.jupiter.api.DisplayNameGenerator.ReplaceUnderscores.class)&#10;class $CLASS_NAME$ {&#10;    &#10;    $END$&#10;}" description="JUnit Nested test class" toReformat="true" toShortenFQNames="true">
        <variable name="CLASS_NAME" expression="" defaultValue="" alwaysStopAt="true" />
        <context>
            <option name="JAVA_TEST_DECLARATION" value="true" />
        </context>
    </template>
</templateSet>